Temp/gradleOut/build/outputs/logs/manifest-merger-release-report.txt
-- Merging decision tree log ---
manifest
ADDED from src/main/AndroidManifest.xml:2:1-21:12
	package
		ADDED from src/main/AndroidManifest.xml:2:70-89
		INJECTED from src/main/AndroidManifest.xml
		INJECTED from src/main/AndroidManifest.xml
	android:versionName
		ADDED from src/main/AndroidManifest.xml:2:137-162
		INJECTED from src/main/AndroidManifest.xml
		INJECTED from src/main/AndroidManifest.xml
	xmlns:tools
		ADDED from src/main/AndroidManifest.xml:2:90-136
	android:versionCode
		ADDED from src/main/AndroidManifest.xml:2:163-186
		INJECTED from src/main/AndroidManifest.xml
		INJECTED from src/main/AndroidManifest.xml
	xmlns:android
		ADDED from src/main/AndroidManifest.xml:2:11-69
	android:installLocation
		ADDED from src/main/AndroidManifest.xml:2:187-217
supports-screens
ADDED from src/main/AndroidManifest.xml:3:3-163
	android:largeScreens
		ADDED from src/main/AndroidManifest.xml:3:78-105
	android:smallScreens
		ADDED from src/main/AndroidManifest.xml:3:21-48
	android:normalScreens
		ADDED from src/main/AndroidManifest.xml:3:49-77
	android:xlargeScreens
		ADDED from src/main/AndroidManifest.xml:3:106-134
	android:anyDensity
		ADDED from src/main/AndroidManifest.xml:3:135-160
application
ADDED from src/main/AndroidManifest.xml:4:3-13:17
MERGED from [:OVRPlugin:] AndroidManifest.xml:4:3-6:17
	android:label
		ADDED from src/main/AndroidManifest.xml:4:92-124
	android:icon
		ADDED from src/main/AndroidManifest.xml:4:58-91
	android:banner
		ADDED from src/main/AndroidManifest.xml:4:147-184
	android:theme
		ADDED from src/main/AndroidManifest.xml:4:16-57
	android:isGame
		ADDED from src/main/AndroidManifest.xml:4:125-146
activity#com.unity3d.player.UnityPlayerActivity
ADDED from src/main/AndroidManifest.xml:5:5-12:16
	android:screenOrientation
		ADDED from src/main/AndroidManifest.xml:5:102-139
	android:label
		ADDED from src/main/AndroidManifest.xml:5:69-101
	android:launchMode
		ADDED from src/main/AndroidManifest.xml:5:140-171
	android:configChanges
		ADDED from src/main/AndroidManifest.xml:5:172-353
	android:name
		ADDED from src/main/AndroidManifest.xml:5:15-68
intent-filter#android.intent.action.MAIN+android.intent.category.LAUNCHER+android.intent.category.LEANBACK_LAUNCHER
ADDED from src/main/AndroidManifest.xml:6:7-10:23
action#android.intent.action.MAIN
ADDED from src/main/AndroidManifest.xml:7:9-61
	android:name
		ADDED from src/main/AndroidManifest.xml:7:17-58
category#android.intent.category.LAUNCHER
ADDED from src/main/AndroidManifest.xml:8:9-69
	android:name
		ADDED from src/main/AndroidManifest.xml:8:19-66
category#android.intent.category.LEANBACK_LAUNCHER
ADDED from src/main/AndroidManifest.xml:9:9-78
	android:name
		ADDED from src/main/AndroidManifest.xml:9:19-75
meta-data#unityplayer.UnityActivity
ADDED from src/main/AndroidManifest.xml:11:7-82
	android:value
		ADDED from src/main/AndroidManifest.xml:11:59-79
	android:name
		ADDED from src/main/AndroidManifest.xml:11:18-58
uses-sdk
ADDED from src/main/AndroidManifest.xml:14:3-72
MERGED from [:OVRPlugin:] AndroidManifest.xml:3:3-45
	android:targetSdkVersion
		ADDED from src/main/AndroidManifest.xml:14:40-69
		INJECTED from src/main/AndroidManifest.xml
		INJECTED from src/main/AndroidManifest.xml
	android:minSdkVersion
		ADDED from src/main/AndroidManifest.xml:14:13-39
		MERGED from src/main/AndroidManifest.xml:14:13-39
uses-feature#0x00020000
ADDED from src/main/AndroidManifest.xml:15:3-52
	android:glEsVersion
		ADDED from src/main/AndroidManifest.xml:15:17-49
uses-feature#android.hardware.vulkan
ADDED from src/main/AndroidManifest.xml:16:3-83
	android:required
		ADDED from src/main/AndroidManifest.xml:16:56-80
	android:name
		ADDED from src/main/AndroidManifest.xml:16:17-55
uses-permission#android.permission.INTERNET
ADDED from src/main/AndroidManifest.xml:17:3-65
MERGED from [:OVRPlugin:] AndroidManifest.xml:7:3-65
	android:name
		ADDED from src/main/AndroidManifest.xml:17:20-62
uses-feature#android.hardware.touchscreen
ADDED from src/main/AndroidManifest.xml:18:3-88
	android:required
		ADDED from src/main/AndroidManifest.xml:18:61-85
	android:name
		ADDED from src/main/AndroidManifest.xml:18:17-60
uses-feature#android.hardware.touchscreen.multitouch
ADDED from src/main/AndroidManifest.xml:19:3-99
	android:required
		ADDED from src/main/AndroidManifest.xml:19:72-96
	android:name
		ADDED from src/main/AndroidManifest.xml:19:17-71
uses-feature#android.hardware.touchscreen.multitouch.distinct
ADDED from src/main/AndroidManifest.xml:20:3-108
	android:required
		ADDED from src/main/AndroidManifest.xml:20:81-105
	android:name
		ADDED from src/main/AndroidManifest.xml:20:17-80
meta-data#com.samsung.android.vr.application.mode
ADDED from [:OVRPlugin:] AndroidManifest.xml:5:5-96
	android:value
		ADDED from [:OVRPlugin:] AndroidManifest.xml:5:71-94
	android:name
		ADDED from [:OVRPlugin:] AndroidManifest.xml:5:16-70
uses-permission#android.permission.WAKE_LOCK
ADDED from [:OVRPlugin:] AndroidManifest.xml:8:3-66
	android:name
		ADDED from [:OVRPlugin:] AndroidManifest.xml:8:20-63